13:31:24.967 [Worker-1] INFO  o.a.AndroidAnnotationProcessor:85 - Initialize AndroidAnnotations 3.0.1 with options {phase=BUILD}
13:31:24.968 [Worker-1] INFO  o.a.AndroidAnnotationProcessor:109 - Start processing for 8 annotations on 39 elements
13:31:24.986 [Worker-1] DEBUG o.a.h.AndroidManifestFinder:137 - AndroidManifest.xml file found in parent folder C:\Users\kjw\Desktop\my\Ewha\KJW_EwhappCenter_Handy\Handy: C:\Users\kjw\Desktop\my\Ewha\KJW_EwhappCenter_Handy\Handy\AndroidManifest.xml
13:31:24.988 [Worker-1] INFO  o.a.AndroidAnnotationProcessor:172 - AndroidManifest.xml found: AndroidManifest [applicationPackage=kr.ewhapp.handy, componentQualifiedNames=[kr.ewhapp.kjw.handy.SplashActivity_, kr.ewhapp.kjw.handy.HandyActivity_], permissionQualifiedNames=[], applicationClassName=null, libraryProject=false, debugabble=false, minSdkVersion=14, maxSdkVersion=-1, targetSdkVersion=18]
13:31:24.988 [Worker-1] INFO  o.a.r.ProjectRClassFinder:50 - Found project R class: kr.ewhapp.handy.R
13:31:24.990 [Worker-1] INFO  o.a.r.AndroidRClassFinder:44 - Found Android class: android.R
13:31:24.995 [Worker-1] INFO  o.a.p.ModelValidator:42 - Validating elements
13:31:24.995 [Worker-1] DEBUG o.a.p.ModelValidator:62 - Validating with EActivityHandler: [kr.ewhapp.kjw.handy.HandyActivity, kr.ewhapp.kjw.handy.SplashActivity]
13:31:24.996 [Worker-1] DEBUG o.a.p.ModelValidator:62 - Validating with EFragmentHandler: [kr.ewhapp.kjw.handy.timeline.TimelineFragment, kr.ewhapp.kjw.handy.study.SubjectFragment, kr.ewhapp.kjw.handy.setting.SettingFragment, kr.ewhapp.kjw.handy.study.ImageSelectFragment, kr.ewhapp.kjw.handy.study.StudyAddFragment, kr.ewhapp.kjw.handy.timer.TimerFragment, kr.ewhapp.kjw.handy.study.StudyFragment, kr.ewhapp.kjw.handy.study.ResultFragment]
13:31:24.997 [Worker-1] DEBUG o.a.p.ModelValidator:62 - Validating with ViewByIdHandler: [listView, addBtn, studyNameEt, studyNameTv, subjectCountTv, backgroundIv, titleTv, initBtn, studyCountTv, stopLayout, subjectNameTv, menu, hourEt, photoIv, restartBtn, containerLayout, startBtn, secEt, gridView, pauseBtn, gridView, minEt]
13:31:24.999 [Worker-1] DEBUG o.a.p.ModelValidator:62 - Validating with ClickHandler: [void pauseTimer() , void initTimer() , void replaceSubject() , void showDialog() , void restartTimer() , void insertStudy() , void replaceTimeline() , void startTimer() ]
13:31:25.1 [Worker-1] DEBUG o.a.p.ModelValidator:62 - Validating with FragmentArgHandler: [subject, study, uri, flag, study, subject]
13:31:25.1 [Worker-1] DEBUG o.a.p.ModelValidator:62 - Validating with WindowFeatureHandler: [kr.ewhapp.kjw.handy.HandyActivity]
13:31:25.2 [Worker-1] DEBUG o.a.p.ModelValidator:62 - Validating with AfterViewsHandler: [void init() , void init() , void init() , void init() , void init() , void init() , void init() , void splash() , void init() ]
13:31:25.2 [Worker-1] DEBUG o.a.p.ModelValidator:62 - Validating with UiThreadHandler: [void setStudyScore(kr.ewhapp.kjw.handy.study.StudyModel) , void changeTimerView() , protected void setTotalScore(kr.ewhapp.kjw.handy.study.StudyModel) ]
13:31:25.3 [Worker-1] INFO  o.a.p.ModelProcessor:73 - Processing root elements
13:31:25.3 [Worker-1] DEBUG o.a.p.ModelProcessor:80 - Processing root elements EActivityHandler: [kr.ewhapp.kjw.handy.HandyActivity, kr.ewhapp.kjw.handy.SplashActivity]
13:31:25.7 [Worker-1] DEBUG o.a.p.ModelProcessor:80 - Processing root elements EFragmentHandler: [kr.ewhapp.kjw.handy.timeline.TimelineFragment, kr.ewhapp.kjw.handy.setting.SettingFragment, kr.ewhapp.kjw.handy.study.SubjectFragment, kr.ewhapp.kjw.handy.study.ImageSelectFragment, kr.ewhapp.kjw.handy.study.StudyAddFragment, kr.ewhapp.kjw.handy.study.StudyFragment, kr.ewhapp.kjw.handy.timer.TimerFragment, kr.ewhapp.kjw.handy.study.ResultFragment]
13:31:25.8 [Worker-1] INFO  o.a.p.ModelProcessor:104 - Processing enclosed elements
13:31:25.11 [Worker-1] INFO  o.a.AndroidAnnotationProcessor:251 - Number of files generated by AndroidAnnotations: 10
13:31:25.12 [Worker-1] INFO  o.a.g.ApiCodeGenerator:52 - Writting following API classes in project: []
13:31:25.12 [Worker-1] DEBUG o.a.g.SourceCodewriter:55 - Generating class: kr.ewhapp.kjw.handy.setting.SettingFragment_
13:31:25.14 [Worker-1] DEBUG o.a.g.SourceCodewriter:55 - Generating class: kr.ewhapp.kjw.handy.timeline.TimelineFragment_
13:31:25.16 [Worker-1] DEBUG o.a.g.SourceCodewriter:55 - Generating class: kr.ewhapp.kjw.handy.HandyActivity_
13:31:25.19 [Worker-1] DEBUG o.a.g.SourceCodewriter:55 - Generating class: kr.ewhapp.kjw.handy.SplashActivity_
13:31:25.21 [Worker-1] DEBUG o.a.g.SourceCodewriter:55 - Generating class: kr.ewhapp.kjw.handy.timer.TimerFragment_
13:31:25.24 [Worker-1] DEBUG o.a.g.SourceCodewriter:55 - Generating class: kr.ewhapp.kjw.handy.study.ImageSelectFragment_
13:31:25.26 [Worker-1] DEBUG o.a.g.SourceCodewriter:55 - Generating class: kr.ewhapp.kjw.handy.study.ResultFragment_
13:31:25.29 [Worker-1] DEBUG o.a.g.SourceCodewriter:55 - Generating class: kr.ewhapp.kjw.handy.study.StudyAddFragment_
13:31:25.31 [Worker-1] DEBUG o.a.g.SourceCodewriter:55 - Generating class: kr.ewhapp.kjw.handy.study.StudyFragment_
13:31:25.33 [Worker-1] DEBUG o.a.g.SourceCodewriter:55 - Generating class: kr.ewhapp.kjw.handy.study.SubjectFragment_
13:31:25.35 [Worker-1] INFO  o.a.p.TimeStats:81 - Time measurements: [Whole Processing = 67 ms], [Generate Sources = 24 ms], [Extract Annotations = 18 ms], [Validate Annotations = 8 ms], [Process Annotations = 8 ms], [Find R Classes = 7 ms], [Extract Manifest = 2 ms], 
13:31:25.35 [Worker-1] INFO  o.a.AndroidAnnotationProcessor:123 - Finish processing
13:31:26.304 [Worker-5] INFO  o.a.AndroidAnnotationProcessor:85 - Initialize AndroidAnnotations 3.0.1 with options {phase=BUILD}
13:33:05.16 [Worker-2] INFO  o.a.AndroidAnnotationProcessor:85 - Initialize AndroidAnnotations 3.0.1 with options {phase=BUILD}
13:33:05.17 [Worker-2] INFO  o.a.AndroidAnnotationProcessor:109 - Start processing for 8 annotations on 38 elements
13:33:05.38 [Worker-2] DEBUG o.a.h.AndroidManifestFinder:137 - AndroidManifest.xml file found in parent folder C:\Users\kjw\Desktop\my\Ewha\KJW_EwhappCenter_Handy\Handy: C:\Users\kjw\Desktop\my\Ewha\KJW_EwhappCenter_Handy\Handy\AndroidManifest.xml
13:33:05.40 [Worker-2] INFO  o.a.AndroidAnnotationProcessor:172 - AndroidManifest.xml found: AndroidManifest [applicationPackage=kr.ewhapp.handy, componentQualifiedNames=[kr.ewhapp.kjw.handy.SplashActivity_, kr.ewhapp.kjw.handy.HandyActivity_], permissionQualifiedNames=[], applicationClassName=null, libraryProject=false, debugabble=false, minSdkVersion=14, maxSdkVersion=-1, targetSdkVersion=18]
13:33:05.41 [Worker-2] INFO  o.a.r.ProjectRClassFinder:50 - Found project R class: kr.ewhapp.handy.R
13:33:05.43 [Worker-2] INFO  o.a.r.AndroidRClassFinder:44 - Found Android class: android.R
13:33:05.48 [Worker-2] INFO  o.a.p.ModelValidator:42 - Validating elements
13:33:05.48 [Worker-2] DEBUG o.a.p.ModelValidator:62 - Validating with EActivityHandler: [kr.ewhapp.kjw.handy.HandyActivity, kr.ewhapp.kjw.handy.SplashActivity]
13:33:05.49 [Worker-2] DEBUG o.a.p.ModelValidator:62 - Validating with EFragmentHandler: [kr.ewhapp.kjw.handy.timeline.TimelineFragment, kr.ewhapp.kjw.handy.study.SubjectFragment, kr.ewhapp.kjw.handy.setting.SettingFragment, kr.ewhapp.kjw.handy.study.ImageSelectFragment, kr.ewhapp.kjw.handy.study.StudyAddFragment, kr.ewhapp.kjw.handy.timer.TimerFragment, kr.ewhapp.kjw.handy.study.StudyFragment, kr.ewhapp.kjw.handy.study.ResultFragment]
13:33:05.50 [Worker-2] DEBUG o.a.p.ModelValidator:62 - Validating with ViewByIdHandler: [startBtn, backgroundIv, studyNameEt, pauseBtn, subjectNameTv, stopLayout, minEt, studyNameTv, restartBtn, subjectCountTv, photoIv, titleTv, hourEt, gridView, gridView, listView, menu, addBtn, secEt, studyCountTv, containerLayout, initBtn]
13:33:05.53 [Worker-2] DEBUG o.a.p.ModelValidator:62 - Validating with ClickHandler: [void insertStudy() , void replaceSubject() , void showDialog() , void replaceTimeline() , void startTimer() , void pauseTimer() , void initTimer() , void restartTimer() ]
13:33:05.54 [Worker-2] DEBUG o.a.p.ModelValidator:62 - Validating with FragmentArgHandler: [study, flag, study, subject, uri, subject]
13:33:05.55 [Worker-2] DEBUG o.a.p.ModelValidator:62 - Validating with WindowFeatureHandler: [kr.ewhapp.kjw.handy.HandyActivity]
13:33:05.55 [Worker-2] DEBUG o.a.p.ModelValidator:62 - Validating with AfterViewsHandler: [void init() , void init() , void init() , void init() , void init() , void splash() , void init() , void init() , void init() ]
13:33:05.56 [Worker-2] DEBUG o.a.p.ModelValidator:62 - Validating with UiThreadHandler: [protected void setTotalScore(kr.ewhapp.kjw.handy.study.StudyModel) , void changeTimerView() , void setStudyScore(kr.ewhapp.kjw.handy.study.StudyModel) ]
13:33:05.56 [Worker-2] INFO  o.a.p.ModelProcessor:73 - Processing root elements
13:33:05.57 [Worker-2] DEBUG o.a.p.ModelProcessor:80 - Processing root elements EActivityHandler: [kr.ewhapp.kjw.handy.HandyActivity, kr.ewhapp.kjw.handy.SplashActivity]
13:33:05.61 [Worker-2] DEBUG o.a.p.ModelProcessor:80 - Processing root elements EFragmentHandler: [kr.ewhapp.kjw.handy.timeline.TimelineFragment, kr.ewhapp.kjw.handy.setting.SettingFragment, kr.ewhapp.kjw.handy.study.SubjectFragment, kr.ewhapp.kjw.handy.study.ImageSelectFragment, kr.ewhapp.kjw.handy.study.StudyAddFragment, kr.ewhapp.kjw.handy.study.StudyFragment, kr.ewhapp.kjw.handy.timer.TimerFragment, kr.ewhapp.kjw.handy.study.ResultFragment]
13:33:05.63 [Worker-2] INFO  o.a.p.ModelProcessor:104 - Processing enclosed elements
13:33:05.66 [Worker-2] INFO  o.a.AndroidAnnotationProcessor:251 - Number of files generated by AndroidAnnotations: 10
13:33:05.66 [Worker-2] INFO  o.a.g.ApiCodeGenerator:52 - Writting following API classes in project: []
13:33:05.66 [Worker-2] DEBUG o.a.g.SourceCodewriter:55 - Generating class: kr.ewhapp.kjw.handy.setting.SettingFragment_
13:33:05.68 [Worker-2] DEBUG o.a.g.SourceCodewriter:55 - Generating class: kr.ewhapp.kjw.handy.timeline.TimelineFragment_
13:33:05.71 [Worker-2] DEBUG o.a.g.SourceCodewriter:55 - Generating class: kr.ewhapp.kjw.handy.HandyActivity_
13:33:05.74 [Worker-2] DEBUG o.a.g.SourceCodewriter:55 - Generating class: kr.ewhapp.kjw.handy.SplashActivity_
13:33:05.77 [Worker-2] DEBUG o.a.g.SourceCodewriter:55 - Generating class: kr.ewhapp.kjw.handy.timer.TimerFragment_
13:33:05.80 [Worker-2] DEBUG o.a.g.SourceCodewriter:55 - Generating class: kr.ewhapp.kjw.handy.study.ImageSelectFragment_
13:33:05.83 [Worker-2] DEBUG o.a.g.SourceCodewriter:55 - Generating class: kr.ewhapp.kjw.handy.study.ResultFragment_
13:33:05.88 [Worker-2] DEBUG o.a.g.SourceCodewriter:55 - Generating class: kr.ewhapp.kjw.handy.study.StudyAddFragment_
13:33:05.91 [Worker-2] DEBUG o.a.g.SourceCodewriter:55 - Generating class: kr.ewhapp.kjw.handy.study.StudyFragment_
13:33:05.93 [Worker-2] DEBUG o.a.g.SourceCodewriter:55 - Generating class: kr.ewhapp.kjw.handy.study.SubjectFragment_
13:33:05.95 [Worker-2] INFO  o.a.p.TimeStats:81 - Time measurements: [Whole Processing = 78 ms], [Generate Sources = 29 ms], [Extract Annotations = 20 ms], [Process Annotations = 10 ms], [Validate Annotations = 8 ms], [Find R Classes = 7 ms], [Extract Manifest = 2 ms], 
13:33:05.96 [Worker-2] INFO  o.a.AndroidAnnotationProcessor:123 - Finish processing
